2022-12-05 17:06:57,177 - ERROR - Internal Server Error: /news/ - C:\Users\agave\AppData\Local\Programs\Python\Python310\lib\site-packages\django\utils\log.py - (<class 'django.template.exceptions.TemplateSyntaxError'>, TemplateSyntaxError("Unclosed tag on line 94: 'for'. Looking for one of: empty, endfor."), <traceback object at 0x0000028D9D17C840>)
Traceback (most recent call last):
  File "C:\Users\agave\AppData\Local\Programs\Python\Python310\lib\site-packages\django\core\handlers\exception.py", line 55, in inner
    response = get_response(request)
  File "C:\Users\agave\AppData\Local\Programs\Python\Python310\lib\site-packages\django\core\handlers\base.py", line 220, in _get_response
    response = response.render()
  File "C:\Users\agave\AppData\Local\Programs\Python\Python310\lib\site-packages\django\template\response.py", line 114, in render
    self.content = self.rendered_content
  File "C:\Users\agave\AppData\Local\Programs\Python\Python310\lib\site-packages\django\template\response.py", line 90, in rendered_content
    template = self.resolve_template(self.template_name)
  File "C:\Users\agave\AppData\Local\Programs\Python\Python310\lib\site-packages\django\template\response.py", line 72, in resolve_template
    return select_template(template, using=self.using)
  File "C:\Users\agave\AppData\Local\Programs\Python\Python310\lib\site-packages\django\template\loader.py", line 42, in select_template
    return engine.get_template(template_name)
  File "C:\Users\agave\AppData\Local\Programs\Python\Python310\lib\site-packages\django\template\backends\django.py", line 34, in get_template
    return Template(self.engine.get_template(template_name), self)
  File "C:\Users\agave\AppData\Local\Programs\Python\Python310\lib\site-packages\django\template\engine.py", line 176, in get_template
    template, origin = self.find_template(template_name)
  File "C:\Users\agave\AppData\Local\Programs\Python\Python310\lib\site-packages\django\template\engine.py", line 158, in find_template
    template = loader.get_template(name, skip=skip)
  File "C:\Users\agave\AppData\Local\Programs\Python\Python310\lib\site-packages\django\template\loaders\base.py", line 28, in get_template
    return Template(
  File "C:\Users\agave\AppData\Local\Programs\Python\Python310\lib\site-packages\django\template\base.py", line 154, in __init__
    self.nodelist = self.compile_nodelist()
  File "C:\Users\agave\AppData\Local\Programs\Python\Python310\lib\site-packages\django\template\base.py", line 200, in compile_nodelist
    return parser.parse()
  File "C:\Users\agave\AppData\Local\Programs\Python\Python310\lib\site-packages\django\template\base.py", line 513, in parse
    raise self.error(token, e)
  File "C:\Users\agave\AppData\Local\Programs\Python\Python310\lib\site-packages\django\template\base.py", line 511, in parse
    compiled_result = compile_func(self, token)
  File "C:\Users\agave\AppData\Local\Programs\Python\Python310\lib\site-packages\django\template\defaulttags.py", line 854, in do_for
    nodelist_loop = parser.parse(
  File "C:\Users\agave\AppData\Local\Programs\Python\Python310\lib\site-packages\django\template\base.py", line 518, in parse
    self.unclosed_block_tag(parse_until)
  File "C:\Users\agave\AppData\Local\Programs\Python\Python310\lib\site-packages\django\template\base.py", line 581, in unclosed_block_tag
    raise self.error(token, msg)
django.template.exceptions.TemplateSyntaxError: Unclosed tag on line 94: 'for'. Looking for one of: empty, endfor.
2022-12-05 17:06:57,199 - ERROR - "GET /news/ HTTP/1.1" 500 161239 - C:\Users\agave\AppData\Local\Programs\Python\Python310\lib\site-packages\django\core\servers\basehttp.py - None
2022-12-05 17:08:01,555 - ERROR - Internal Server Error: /news/ - C:\Users\agave\AppData\Local\Programs\Python\Python310\lib\site-packages\django\utils\log.py - (<class 'django.template.exceptions.TemplateSyntaxError'>, TemplateSyntaxError("Unclosed tag on line 94: 'for'. Looking for one of: empty, endfor."), <traceback object at 0x000001F83E706B40>)
Traceback (most recent call last):
  File "C:\Users\agave\AppData\Local\Programs\Python\Python310\lib\site-packages\django\core\handlers\exception.py", line 55, in inner
    response = get_response(request)
  File "C:\Users\agave\AppData\Local\Programs\Python\Python310\lib\site-packages\django\core\handlers\base.py", line 220, in _get_response
    response = response.render()
  File "C:\Users\agave\AppData\Local\Programs\Python\Python310\lib\site-packages\django\template\response.py", line 114, in render
    self.content = self.rendered_content
  File "C:\Users\agave\AppData\Local\Programs\Python\Python310\lib\site-packages\django\template\response.py", line 90, in rendered_content
    template = self.resolve_template(self.template_name)
  File "C:\Users\agave\AppData\Local\Programs\Python\Python310\lib\site-packages\django\template\response.py", line 72, in resolve_template
    return select_template(template, using=self.using)
  File "C:\Users\agave\AppData\Local\Programs\Python\Python310\lib\site-packages\django\template\loader.py", line 42, in select_template
    return engine.get_template(template_name)
  File "C:\Users\agave\AppData\Local\Programs\Python\Python310\lib\site-packages\django\template\backends\django.py", line 34, in get_template
    return Template(self.engine.get_template(template_name), self)
  File "C:\Users\agave\AppData\Local\Programs\Python\Python310\lib\site-packages\django\template\engine.py", line 176, in get_template
    template, origin = self.find_template(template_name)
  File "C:\Users\agave\AppData\Local\Programs\Python\Python310\lib\site-packages\django\template\engine.py", line 158, in find_template
    template = loader.get_template(name, skip=skip)
  File "C:\Users\agave\AppData\Local\Programs\Python\Python310\lib\site-packages\django\template\loaders\base.py", line 28, in get_template
    return Template(
  File "C:\Users\agave\AppData\Local\Programs\Python\Python310\lib\site-packages\django\template\base.py", line 154, in __init__
    self.nodelist = self.compile_nodelist()
  File "C:\Users\agave\AppData\Local\Programs\Python\Python310\lib\site-packages\django\template\base.py", line 200, in compile_nodelist
    return parser.parse()
  File "C:\Users\agave\AppData\Local\Programs\Python\Python310\lib\site-packages\django\template\base.py", line 513, in parse
    raise self.error(token, e)
  File "C:\Users\agave\AppData\Local\Programs\Python\Python310\lib\site-packages\django\template\base.py", line 511, in parse
    compiled_result = compile_func(self, token)
  File "C:\Users\agave\AppData\Local\Programs\Python\Python310\lib\site-packages\django\template\defaulttags.py", line 854, in do_for
    nodelist_loop = parser.parse(
  File "C:\Users\agave\AppData\Local\Programs\Python\Python310\lib\site-packages\django\template\base.py", line 518, in parse
    self.unclosed_block_tag(parse_until)
  File "C:\Users\agave\AppData\Local\Programs\Python\Python310\lib\site-packages\django\template\base.py", line 581, in unclosed_block_tag
    raise self.error(token, msg)
django.template.exceptions.TemplateSyntaxError: Unclosed tag on line 94: 'for'. Looking for one of: empty, endfor.
2022-12-05 17:08:01,581 - ERROR - "GET /news/ HTTP/1.1" 500 160934 - C:\Users\agave\AppData\Local\Programs\Python\Python310\lib\site-packages\django\core\servers\basehttp.py - None
2022-12-05 17:27:24,777 - ERROR - Internal Server Error: /news/ - C:\Users\agave\AppData\Local\Programs\Python\Python310\lib\site-packages\django\utils\log.py - (<class 'django.template.exceptions.TemplateSyntaxError'>, TemplateSyntaxError("Unclosed tag on line 94: 'for'. Looking for one of: empty, endfor."), <traceback object at 0x0000017A3302ADC0>)
Traceback (most recent call last):
  File "C:\Users\agave\AppData\Local\Programs\Python\Python310\lib\site-packages\django\core\handlers\exception.py", line 55, in inner
    response = get_response(request)
  File "C:\Users\agave\AppData\Local\Programs\Python\Python310\lib\site-packages\django\core\handlers\base.py", line 220, in _get_response
    response = response.render()
  File "C:\Users\agave\AppData\Local\Programs\Python\Python310\lib\site-packages\django\template\response.py", line 114, in render
    self.content = self.rendered_content
  File "C:\Users\agave\AppData\Local\Programs\Python\Python310\lib\site-packages\django\template\response.py", line 90, in rendered_content
    template = self.resolve_template(self.template_name)
  File "C:\Users\agave\AppData\Local\Programs\Python\Python310\lib\site-packages\django\template\response.py", line 72, in resolve_template
    return select_template(template, using=self.using)
  File "C:\Users\agave\AppData\Local\Programs\Python\Python310\lib\site-packages\django\template\loader.py", line 42, in select_template
    return engine.get_template(template_name)
  File "C:\Users\agave\AppData\Local\Programs\Python\Python310\lib\site-packages\django\template\backends\django.py", line 34, in get_template
    return Template(self.engine.get_template(template_name), self)
  File "C:\Users\agave\AppData\Local\Programs\Python\Python310\lib\site-packages\django\template\engine.py", line 176, in get_template
    template, origin = self.find_template(template_name)
  File "C:\Users\agave\AppData\Local\Programs\Python\Python310\lib\site-packages\django\template\engine.py", line 158, in find_template
    template = loader.get_template(name, skip=skip)
  File "C:\Users\agave\AppData\Local\Programs\Python\Python310\lib\site-packages\django\template\loaders\base.py", line 28, in get_template
    return Template(
  File "C:\Users\agave\AppData\Local\Programs\Python\Python310\lib\site-packages\django\template\base.py", line 154, in __init__
    self.nodelist = self.compile_nodelist()
  File "C:\Users\agave\AppData\Local\Programs\Python\Python310\lib\site-packages\django\template\base.py", line 200, in compile_nodelist
    return parser.parse()
  File "C:\Users\agave\AppData\Local\Programs\Python\Python310\lib\site-packages\django\template\base.py", line 513, in parse
    raise self.error(token, e)
  File "C:\Users\agave\AppData\Local\Programs\Python\Python310\lib\site-packages\django\template\base.py", line 511, in parse
    compiled_result = compile_func(self, token)
  File "C:\Users\agave\AppData\Local\Programs\Python\Python310\lib\site-packages\django\template\defaulttags.py", line 854, in do_for
    nodelist_loop = parser.parse(
  File "C:\Users\agave\AppData\Local\Programs\Python\Python310\lib\site-packages\django\template\base.py", line 518, in parse
    self.unclosed_block_tag(parse_until)
  File "C:\Users\agave\AppData\Local\Programs\Python\Python310\lib\site-packages\django\template\base.py", line 581, in unclosed_block_tag
    raise self.error(token, msg)
django.template.exceptions.TemplateSyntaxError: Unclosed tag on line 94: 'for'. Looking for one of: empty, endfor.
2022-12-05 17:27:24,828 - ERROR - "GET /news/ HTTP/1.1" 500 161302 - C:\Users\agave\AppData\Local\Programs\Python\Python310\lib\site-packages\django\core\servers\basehttp.py - None
2022-12-05 17:28:46,182 - ERROR - Internal Server Error: /news/ - C:\Users\agave\AppData\Local\Programs\Python\Python310\lib\site-packages\django\utils\log.py - (<class 'django.template.exceptions.TemplateSyntaxError'>, TemplateSyntaxError("Unclosed tag on line 22: 'block'. Looking for one of: endblock."), <traceback object at 0x0000017A33088480>)
Traceback (most recent call last):
  File "C:\Users\agave\AppData\Local\Programs\Python\Python310\lib\site-packages\django\core\handlers\exception.py", line 55, in inner
    response = get_response(request)
  File "C:\Users\agave\AppData\Local\Programs\Python\Python310\lib\site-packages\django\core\handlers\base.py", line 220, in _get_response
    response = response.render()
  File "C:\Users\agave\AppData\Local\Programs\Python\Python310\lib\site-packages\django\template\response.py", line 114, in render
    self.content = self.rendered_content
  File "C:\Users\agave\AppData\Local\Programs\Python\Python310\lib\site-packages\django\template\response.py", line 90, in rendered_content
    template = self.resolve_template(self.template_name)
  File "C:\Users\agave\AppData\Local\Programs\Python\Python310\lib\site-packages\django\template\response.py", line 72, in resolve_template
    return select_template(template, using=self.using)
  File "C:\Users\agave\AppData\Local\Programs\Python\Python310\lib\site-packages\django\template\loader.py", line 42, in select_template
    return engine.get_template(template_name)
  File "C:\Users\agave\AppData\Local\Programs\Python\Python310\lib\site-packages\django\template\backends\django.py", line 34, in get_template
    return Template(self.engine.get_template(template_name), self)
  File "C:\Users\agave\AppData\Local\Programs\Python\Python310\lib\site-packages\django\template\engine.py", line 176, in get_template
    template, origin = self.find_template(template_name)
  File "C:\Users\agave\AppData\Local\Programs\Python\Python310\lib\site-packages\django\template\engine.py", line 158, in find_template
    template = loader.get_template(name, skip=skip)
  File "C:\Users\agave\AppData\Local\Programs\Python\Python310\lib\site-packages\django\template\loaders\base.py", line 28, in get_template
    return Template(
  File "C:\Users\agave\AppData\Local\Programs\Python\Python310\lib\site-packages\django\template\base.py", line 154, in __init__
    self.nodelist = self.compile_nodelist()
  File "C:\Users\agave\AppData\Local\Programs\Python\Python310\lib\site-packages\django\template\base.py", line 200, in compile_nodelist
    return parser.parse()
  File "C:\Users\agave\AppData\Local\Programs\Python\Python310\lib\site-packages\django\template\base.py", line 513, in parse
    raise self.error(token, e)
  File "C:\Users\agave\AppData\Local\Programs\Python\Python310\lib\site-packages\django\template\base.py", line 511, in parse
    compiled_result = compile_func(self, token)
  File "C:\Users\agave\AppData\Local\Programs\Python\Python310\lib\site-packages\django\template\loader_tags.py", line 232, in do_block
    nodelist = parser.parse(("endblock",))
  File "C:\Users\agave\AppData\Local\Programs\Python\Python310\lib\site-packages\django\template\base.py", line 518, in parse
    self.unclosed_block_tag(parse_until)
  File "C:\Users\agave\AppData\Local\Programs\Python\Python310\lib\site-packages\django\template\base.py", line 581, in unclosed_block_tag
    raise self.error(token, msg)
django.template.exceptions.TemplateSyntaxError: Unclosed tag on line 22: 'block'. Looking for one of: endblock.
2022-12-05 17:28:46,204 - ERROR - "GET /news/ HTTP/1.1" 500 157003 - C:\Users\agave\AppData\Local\Programs\Python\Python310\lib\site-packages\django\core\servers\basehttp.py - None
2022-12-06 07:16:33,667 - ERROR - "POST /news/create HTTP/1.1" 500 104772 - C:\Users\agave\AppData\Local\Programs\Python\Python310\lib\site-packages\django\core\servers\basehttp.py - None
2022-12-06 08:48:37,718 - ERROR - "GET /news/ HTTP/1.1" 500 159501 - C:\Users\agave\AppData\Local\Programs\Python\Python310\lib\site-packages\django\core\servers\basehttp.py - None
2022-12-06 09:00:51,692 - ERROR - "GET /news/ HTTP/1.1" 500 159634 - C:\Users\agave\AppData\Local\Programs\Python\Python310\lib\site-packages\django\core\servers\basehttp.py - None
2022-12-06 09:03:05,357 - ERROR - "GET /news/ HTTP/1.1" 500 159504 - C:\Users\agave\AppData\Local\Programs\Python\Python310\lib\site-packages\django\core\servers\basehttp.py - None
2022-12-06 09:16:44,049 - ERROR - "GET /news/ HTTP/1.1" 500 159700 - C:\Users\agave\AppData\Local\Programs\Python\Python310\lib\site-packages\django\core\servers\basehttp.py - None
2022-12-06 09:19:41,514 - ERROR - "GET /news/ HTTP/1.1" 500 159564 - C:\Users\agave\AppData\Local\Programs\Python\Python310\lib\site-packages\django\core\servers\basehttp.py - None
2022-12-06 10:22:08,800 - ERROR - "GET /news/ HTTP/1.1" 500 159979 - C:\Users\agave\AppData\Local\Programs\Python\Python310\lib\site-packages\django\core\servers\basehttp.py - None
2022-12-06 10:25:17,417 - ERROR - "GET /news/ HTTP/1.1" 500 159848 - C:\Users\agave\AppData\Local\Programs\Python\Python310\lib\site-packages\django\core\servers\basehttp.py - None
